<?xml version="1.0" encoding="UTF-8"?>
<!-- Generated by org.testng.reporters.JUnitReportReporter -->
<testsuite hostname="Uthmans-MacBook-Pro.local" failures="0" tests="3" name="scripts._03_EtsyTest" time="24.901" errors="0" timestamp="2022-05-22T15:59:44 CDT" skipped="0">
  <testcase classname="scripts._03_EtsyTest" name="testEtsyLogo" time="7.394"/>
  <system-out/>
  <testcase classname="scripts._03_EtsyTest" name="testEtsySearchResult" time="10.777"/>
  <system-out/>
  <testcase classname="scripts._03_EtsyTest" name="testEtsySearch" time="6.730"/>
  <system-out/>
</testsuite> <!-- scripts._03_EtsyTest -->
