<?xml version="1.0" encoding="UTF-8"?>
<!-- Generated by org.testng.reporters.JUnitReportReporter -->
<testsuite hostname="Uthmans-MacBook-Pro.local" failures="0" tests="2" name="scripts._09_IFrames" time="26.865" errors="0" timestamp="2022-06-11T14:41:56 CDT" skipped="0">
  <testcase classname="scripts._09_IFrames" name="testIFrame1" time="15.666"/>
  <system-out/>
  <testcase classname="scripts._09_IFrames" name="testIFrame2" time="11.199"/>
  <system-out/>
</testsuite> <!-- scripts._09_IFrames -->
