<?xml version="1.0" encoding="UTF-8"?>
<!-- Generated by org.testng.reporters.JUnitReportReporter -->
<testsuite hostname="Uthmans-MacBook-Pro.local" failures="0" tests="2" name="scripts._10_WindowHandles" time="13.584" errors="0" timestamp="2022-06-11T14:41:56 CDT" skipped="0">
  <testcase classname="scripts._10_WindowHandles" name="testTechGlobalSchoolFaceBookIcon" time="7.248"/>
  <system-out/>
  <testcase classname="scripts._10_WindowHandles" name="testWindowHandle2" time="6.336"/>
  <system-out/>
</testsuite> <!-- scripts._10_WindowHandles -->
