<?xml version="1.0" encoding="UTF-8"?>
<!-- Generated by org.testng.reporters.JUnitReportReporter -->
<testsuite hostname="Uthmans-MacBook-Pro.local" failures="0" tests="1" name="scripts._06_RadioButtonTest" time="7.451" errors="0" timestamp="2022-06-02T19:38:13 CDT" skipped="0">
  <testcase classname="scripts._06_RadioButtonTest" name="testFacebookGenderRadioButtons" time="7.451"/>
  <system-out/>
</testsuite> <!-- scripts._06_RadioButtonTest -->
