<?xml version="1.0" encoding="UTF-8"?>
<!-- Generated by org.testng.reporters.JUnitReportReporter -->
<testsuite hostname="Uthmans-MacBook-Pro.local" failures="0" tests="2" name="scripts._11_FileUpload" time="14.405" errors="0" timestamp="2022-06-11T14:41:56 CDT" skipped="0">
  <testcase classname="scripts._11_FileUpload" name="testFileUpload1" time="9.265"/>
  <system-out/>
  <testcase classname="scripts._11_FileUpload" name="testFileDownload" time="5.140"/>
  <system-out/>
</testsuite> <!-- scripts._11_FileUpload -->
