<?xml version="1.0" encoding="UTF-8"?>
<!-- Generated by org.testng.reporters.JUnitReportReporter -->
<testsuite hostname="Uthmans-MacBook-Pro.local" failures="0" tests="1" name="scripts._04_GoogleSearchTest" time="7.084" errors="0" timestamp="2022-06-02T19:38:13 CDT" skipped="0">
  <testcase classname="scripts._04_GoogleSearchTest" name="testGoogleStoreLink" time="7.084"/>
  <system-out/>
</testsuite> <!-- scripts._04_GoogleSearchTest -->
