<?xml version="1.0" encoding="UTF-8"?>
<!-- Generated by org.testng.reporters.JUnitReportReporter -->
<testsuite hostname="Uthmans-MacBook-Pro.local" failures="0" tests="7" name="scripts._12_Actions_Class" time="64.796" errors="0" timestamp="2022-06-11T14:41:56 CDT" skipped="0">
  <testcase classname="scripts._12_Actions_Class" name="moveToElementPractice1" time="7.653"/>
  <system-out/>
  <testcase classname="scripts._12_Actions_Class" name="moveToElementPractice2" time="15.129"/>
  <system-out/>
  <testcase classname="scripts._12_Actions_Class" name="clickOnElementPractice" time="7.120"/>
  <system-out/>
  <testcase classname="scripts._12_Actions_Class" name="rightClickPractice" time="7.256"/>
  <system-out/>
  <testcase classname="scripts._12_Actions_Class" name="clickHoldAndReleasePractice" time="6.981"/>
  <system-out/>
  <testcase classname="scripts._12_Actions_Class" name="sendKeysToAnElement" time="6.376"/>
  <system-out/>
  <testcase classname="scripts._12_Actions_Class" name="practiceKeyDownAndKeyUp" time="14.281"/>
  <system-out/>
</testsuite> <!-- scripts._12_Actions_Class -->
