<?xml version="1.0" encoding="UTF-8"?>
<!-- Generated by org.testng.reporters.JUnitReportReporter -->
<testsuite hostname="Uthmans-MacBook-Pro.local" failures="0" tests="3" name="scripts._01_AppleTest" time="11.283" errors="0" timestamp="2022-05-22T15:59:44 CDT" skipped="1">
  <testcase classname="scripts._01_AppleTest" name="testAppleTitle" time="5.441"/>
  <system-out/>
  <testcase classname="scripts._01_AppleTest" name="testAppleURL" time="5.842"/>
  <system-out/>
  <testcase classname="scripts._01_AppleTest" name="X">
    <skipped/>
  </testcase> <!-- X -->
  <system-out/>
</testsuite> <!-- scripts._01_AppleTest -->
