<?xml version="1.0" encoding="UTF-8"?>
<!-- Generated by org.testng.reporters.JUnitReportReporter -->
<testsuite hostname="Uthmans-MacBook-Pro.local" failures="0" tests="2" name="scripts._01_AppleTest" time="7.098" errors="0" timestamp="2022-05-29T15:59:43 CDT" skipped="1">
  <testcase classname="scripts._01_AppleTest" name="testAppleURL" time="7.098"/>
  <system-out/>
  <testcase classname="scripts._01_AppleTest" name="X">
    <skipped/>
  </testcase> <!-- X -->
  <system-out/>
</testsuite> <!-- scripts._01_AppleTest -->
