<?xml version="1.0" encoding="UTF-8"?>
<!-- Generated by org.testng.reporters.JUnitReportReporter -->
<testsuite hostname="Uthmans-MacBook-Pro.local" failures="0" tests="1" name="scripts._02_TechGlobalTest" time="5.137" errors="0" timestamp="2022-05-22T15:59:44 CDT" skipped="0">
  <testcase classname="scripts._02_TechGlobalTest" name="testApplicationFormHeading" time="5.137"/>
  <system-out/>
</testsuite> <!-- scripts._02_TechGlobalTest -->
