<?xml version="1.0" encoding="UTF-8"?>
<!-- Generated by org.testng.reporters.JUnitReportReporter -->
<testsuite hostname="Uthmans-MacBook-Pro.local" failures="0" tests="1" name="scripts._03_EtsyTest" time="7.830" errors="0" timestamp="2022-06-02T19:38:13 CDT" skipped="0">
  <testcase classname="scripts._03_EtsyTest" name="testMainHeader" time="7.830"/>
  <system-out/>
</testsuite> <!-- scripts._03_EtsyTest -->
